\BOOKMARK [0][-]{chapter.1}{Introduction}{}% 1
\BOOKMARK [1][-]{section.1.1}{Problem\040statement}{chapter.1}% 2
\BOOKMARK [1][-]{section.1.2}{Motivation}{chapter.1}% 3
\BOOKMARK [1][-]{section.1.3}{Thesis\040structure}{chapter.1}% 4
\BOOKMARK [0][-]{chapter.2}{Requirements}{}% 5
\BOOKMARK [1][-]{section.2.1}{Functional\040requirements}{chapter.2}% 6
\BOOKMARK [2][-]{subsection.2.1.1}{Application\040overview}{section.2.1}% 7
\BOOKMARK [2][-]{subsection.2.1.2}{Access}{section.2.1}% 8
\BOOKMARK [1][-]{section.2.2}{Nonfunctional\040requirements}{chapter.2}% 9
\BOOKMARK [2][-]{subsection.2.2.1}{Diversity}{section.2.2}% 10
\BOOKMARK [2][-]{subsection.2.2.2}{Performance}{section.2.2}% 11
\BOOKMARK [2][-]{subsection.2.2.3}{Security}{section.2.2}% 12
\BOOKMARK [2][-]{subsection.2.2.4}{User's\040Guide}{section.2.2}% 13
\BOOKMARK [0][-]{chapter.3}{Framework\040architecture}{}% 14
\BOOKMARK [0][-]{chapter.4}{The\040Stream\040Analysis\040Web\040Application}{}% 15
\BOOKMARK [1][-]{section.4.1}{Front-end}{chapter.4}% 16
\BOOKMARK [2][-]{subsection.4.1.1}{Angular}{section.4.1}% 17
\BOOKMARK [2][-]{subsection.4.1.2}{File\040structure}{section.4.1}% 18
\BOOKMARK [1][-]{section.4.2}{Back-end}{chapter.4}% 19
\BOOKMARK [2][-]{subsection.4.2.1}{ASP\040.NET\040Core}{section.4.2}% 20
\BOOKMARK [2][-]{subsection.4.2.2}{SignalR}{section.4.2}% 21
\BOOKMARK [2][-]{subsection.4.2.3}{File\040structure}{section.4.2}% 22
\BOOKMARK [1][-]{section.4.3}{Cloud\040environment}{chapter.4}% 23
\BOOKMARK [2][-]{subsection.4.3.1}{Elastic\040Container\040Service\040\(ECS\)}{section.4.3}% 24
\BOOKMARK [2][-]{subsection.4.3.2}{Elastic\040Container\040Registry\040\(ECR\)}{section.4.3}% 25
\BOOKMARK [2][-]{subsection.4.3.3}{Amazon\040CloudWatch}{section.4.3}% 26
\BOOKMARK [2][-]{subsection.4.3.4}{Amazon\040MQ}{section.4.3}% 27
\BOOKMARK [2][-]{subsection.4.3.5}{Simple\040Storage\040Service\040\(S3\)}{section.4.3}% 28
\BOOKMARK [2][-]{subsection.4.3.6}{Simple\040Notification\040Service\040\(SNS\)}{section.4.3}% 29
\BOOKMARK [2][-]{subsection.4.3.7}{Amazon\040Lambda}{section.4.3}% 30
\BOOKMARK [2][-]{subsection.4.3.8}{DynamoDB}{section.4.3}% 31
\BOOKMARK [1][-]{section.4.4}{Containerized\040application}{chapter.4}% 32
\BOOKMARK [0][-]{chapter.5}{Web\040Application\040Usage\040Guide}{}% 33
\BOOKMARK [1][-]{section.5.1}{Containerized\040Application\040User}{chapter.5}% 34
\BOOKMARK [2][-]{subsection.5.1.1}{Broker}{section.5.1}% 35
\BOOKMARK [2][-]{subsection.5.1.2}{Repository}{section.5.1}% 36
\BOOKMARK [2][-]{subsection.5.1.3}{Push\040Image}{section.5.1}% 37
\BOOKMARK [2][-]{subsection.5.1.4}{Configure\040Image}{section.5.1}% 38
\BOOKMARK [2][-]{subsection.5.1.5}{Run\040Image}{section.5.1}% 39
\BOOKMARK [1][-]{section.5.2}{Dashboard\040User}{chapter.5}% 40
\BOOKMARK [0][-]{chapter.6}{Conclusions}{}% 41
