This is XeTeX, Version 3.14159265-2.6-0.999991 (MiKTeX 2.9.7000 64-bit) (preloaded format=xelatex 2019.5.19)  18 JUN 2019 19:27
entering extended mode
**./chapter06.tex
(chapter06.tex
LaTeX2e <2018-12-01>
! Undefined control sequence.
l.1 \chapter
            {Conclusions}
The control sequence at the end of the top line
of your error message was never \def'ed. If you have
misspelled it (e.g., `\hobx'), type `I' and the correct
spelling (e.g., `I\hbox'). Otherwise just continue,
and I'll forget about whatever was undefined.


! LaTeX Error: Missing \begin{document}.

See the LaTeX manual or LaTeX Companion for explanation.
Type  H <return>  for immediate help.
 ...                                              
                                                  
l.1 \chapter{C
              onclusions}
You're in trouble here.  Try typing  <return>  to proceed.
If that doesn't work, type  X <return>  to quit.

Missing character: There is no C in font nullfont!
Missing character: There is no o in font nullfont!
Missing character: There is no n in font nullfont!
Missing character: There is no c in font nullfont!
Missing character: There is no l in font nullfont!
Missing character: There is no u in font nullfont!
Missing character: There is no s in font nullfont!
Missing character: There is no i in font nullfont!
Missing character: There is no o in font nullfont!
Missing character: There is no n in font nullfont!
Missing character: There is no s in font nullfont!
)
! Emergency stop.
<*> ./chapter06.tex
                   
*** (job aborted, no legal \end found)

 
Here is how much of TeX's memory you used:
 5 strings out of 427669
 59 string characters out of 3149215
 64241 words of memory out of 3000000
 4157 multiletter control sequences out of 15000+200000
 3640 words of font info for 14 fonts, out of 3000000 for 9000
 1348 hyphenation exceptions out of 8191
 5i,0n,4p,39b,16s stack positions out of 5000i,500n,10000p,200000b,50000s
No pages of output.
